<?xml version="1.0" encoding="UTF-8"?>
<!-- Generated by org.testng.reporters.JUnitReportReporter -->
<testsuite hostname="DESKTOP-0BCIBGU" failures="0" tests="1" name="mavenfirst.mavenJava.Appium" time="0.009" errors="0" timestamp="2022-01-22T17:36:31 GMT" skipped="0">
  <testcase classname="mavenfirst.mavenJava.Appium" name="test1" time="0.009"/>
  <system-out/>
</testsuite> <!-- mavenfirst.mavenJava.Appium -->
