<?xml version="1.0" encoding="UTF-8"?>
<!-- Generated by org.testng.reporters.JUnitReportReporter -->
<testsuite skipped="0" hostname="DESKTOP-0BCIBGU" name="mavenfirst.mavenJava.AppiumTest" tests="1" failures="0" timestamp="2022-01-23T03:20:01 GMT" time="0.005" errors="0">
  <testcase name="test1" time="0.005" classname="mavenfirst.mavenJava.AppiumTest"/>
  <system-out/>
</testsuite> <!-- mavenfirst.mavenJava.AppiumTest -->
